{"/media/vicente/Desing e afins/TesteManipulae/servproxy/db.ts": {"path":"/media/vicente/Desing e afins/TesteManipulae/servproxy/db.ts","statementMap":{"0":{"start":{"line":3,"column":13},"end":{"line":3,"column":32}}},"fnMap":{},"branchMap":{},"s":{"0":6},"f":{},"b":{}}
,"/media/vicente/Desing e afins/TesteManipulae/servproxy/src/mock/track.ts": {"path":"/media/vicente/Desing e afins/TesteManipulae/servproxy/src/mock/track.ts","statementMap":{"0":{"start":{"line":1,"column":13},"end":{"line":20,"column":2}}},"fnMap":{},"branchMap":{},"s":{"0":5},"f":{},"b":{}}
,"/media/vicente/Desing e afins/TesteManipulae/servproxy/src/routes/auth/index.ts": {"path":"/media/vicente/Desing e afins/TesteManipulae/servproxy/src/routes/auth/index.ts","statementMap":{"0":{"start":{"line":1,"column":0},"end":{"line":1,"column":30}},"1":{"start":{"line":3,"column":0},"end":{"line":3,"column":50}},"2":{"start":{"line":5,"column":15},"end":{"line":5,"column":31}},"3":{"start":{"line":6,"column":0},"end":{"line":6,"column":27}},"4":{"start":{"line":8,"column":0},"end":{"line":37,"column":3}},"5":{"start":{"line":8,"column":70},"end":{"line":37,"column":2}},"6":{"start":{"line":16,"column":19},"end":{"line":16,"column":36}},"7":{"start":{"line":17,"column":19},"end":{"line":17,"column":36}},"8":{"start":{"line":19,"column":2},"end":{"line":22,"column":null}},"9":{"start":{"line":20,"column":4},"end":{"line":20,"column":60}},"10":{"start":{"line":21,"column":4},"end":{"line":21,"column":11}},"11":{"start":{"line":24,"column":2},"end":{"line":36,"column":null}},"12":{"start":{"line":25,"column":21},"end":{"line":25,"column":35}},"13":{"start":{"line":26,"column":20},"end":{"line":26,"column":61}},"14":{"start":{"line":28,"column":4},"end":{"line":30,"column":null}},"15":{"start":{"line":29,"column":6},"end":{"line":29,"column":51}},"16":{"start":{"line":31,"column":4},"end":{"line":33,"column":70}},"17":{"start":{"line":35,"column":4},"end":{"line":35,"column":57}},"18":{"start":{"line":39,"column":0},"end":{"line":56,"column":3}},"19":{"start":{"line":39,"column":69},"end":{"line":56,"column":2}},"20":{"start":{"line":47,"column":17},"end":{"line":47,"column":54}},"21":{"start":{"line":48,"column":19},"end":{"line":48,"column":62}},"22":{"start":{"line":50,"column":19},"end":{"line":50,"column":33}},"23":{"start":{"line":51,"column":16},"end":{"line":51,"column":52}},"24":{"start":{"line":52,"column":2},"end":{"line":54,"column":null}},"25":{"start":{"line":53,"column":4},"end":{"line":53,"column":47}},"26":{"start":{"line":55,"column":2},"end":{"line":55,"column":37}},"27":{"start":{"line":58,"column":0},"end":{"line":79,"column":3}},"28":{"start":{"line":58,"column":69},"end":{"line":79,"column":2}},"29":{"start":{"line":65,"column":19},"end":{"line":65,"column":36}},"30":{"start":{"line":66,"column":19},"end":{"line":66,"column":36}},"31":{"start":{"line":67,"column":2},"end":{"line":78,"column":null}},"32":{"start":{"line":68,"column":21},"end":{"line":68,"column":35}},"33":{"start":{"line":69,"column":25},"end":{"line":69,"column":65}},"34":{"start":{"line":70,"column":4},"end":{"line":72,"column":null}},"35":{"start":{"line":71,"column":6},"end":{"line":71,"column":56}},"36":{"start":{"line":74,"column":4},"end":{"line":74,"column":43}},"37":{"start":{"line":75,"column":4},"end":{"line":75,"column":63}},"38":{"start":{"line":77,"column":4},"end":{"line":77,"column":59}},"39":{"start":{"line":81,"column":0},"end":{"line":81,"column":24}}},"fnMap":{"0":{"name":"(anonymous_8)","decl":{"start":{"line":8,"column":16},"end":{"line":8,"column":23}},"loc":{"start":{"line":8,"column":70},"end":{"line":37,"column":2}}},"1":{"name":"(anonymous_9)","decl":{"start":{"line":8,"column":70},"end":{"line":8,"column":null}},"loc":{"start":{"line":8,"column":70},"end":{"line":37,"column":1}}},"2":{"name":"(anonymous_10)","decl":{"start":{"line":39,"column":15},"end":{"line":39,"column":22}},"loc":{"start":{"line":39,"column":69},"end":{"line":56,"column":2}}},"3":{"name":"(anonymous_11)","decl":{"start":{"line":39,"column":69},"end":{"line":39,"column":null}},"loc":{"start":{"line":39,"column":69},"end":{"line":56,"column":1}}},"4":{"name":"(anonymous_12)","decl":{"start":{"line":58,"column":15},"end":{"line":58,"column":22}},"loc":{"start":{"line":58,"column":69},"end":{"line":79,"column":2}}},"5":{"name":"(anonymous_13)","decl":{"start":{"line":58,"column":69},"end":{"line":58,"column":null}},"loc":{"start":{"line":58,"column":69},"end":{"line":79,"column":1}}}},"branchMap":{"0":{"loc":{"start":{"line":19,"column":2},"end":{"line":22,"column":null}},"type":"if","locations":[{"start":{"line":19,"column":2},"end":{"line":22,"column":null}}]},"1":{"loc":{"start":{"line":19,"column":6},"end":{"line":19,"column":28}},"type":"binary-expr","locations":[{"start":{"line":19,"column":6},"end":{"line":19,"column":15}},{"start":{"line":19,"column":19},"end":{"line":19,"column":28}}]},"2":{"loc":{"start":{"line":28,"column":4},"end":{"line":30,"column":null}},"type":"if","locations":[{"start":{"line":28,"column":4},"end":{"line":30,"column":null}}]},"3":{"loc":{"start":{"line":47,"column":17},"end":{"line":47,"column":54}},"type":"binary-expr","locations":[{"start":{"line":47,"column":17},"end":{"line":47,"column":41}},{"start":{"line":47,"column":45},"end":{"line":47,"column":54}}]},"4":{"loc":{"start":{"line":47,"column":17},"end":{"line":47,"column":41}},"type":"cond-expr","locations":[{"start":{"line":47,"column":29},"end":{"line":47,"column":31}},{"start":{"line":47,"column":29},"end":{"line":47,"column":41}}]},"5":{"loc":{"start":{"line":47,"column":17},"end":{"line":47,"column":31}},"type":"binary-expr","locations":[{"start":{"line":47,"column":17},"end":{"line":47,"column":31}},{"start":{"line":47,"column":29},"end":{"line":47,"column":31}}]},"6":{"loc":{"start":{"line":48,"column":19},"end":{"line":48,"column":62}},"type":"binary-expr","locations":[{"start":{"line":48,"column":19},"end":{"line":48,"column":49}},{"start":{"line":48,"column":53},"end":{"line":48,"column":62}}]},"7":{"loc":{"start":{"line":48,"column":19},"end":{"line":48,"column":49}},"type":"cond-expr","locations":[{"start":{"line":48,"column":37},"end":{"line":48,"column":39}},{"start":{"line":48,"column":37},"end":{"line":48,"column":49}}]},"8":{"loc":{"start":{"line":48,"column":19},"end":{"line":48,"column":39}},"type":"binary-expr","locations":[{"start":{"line":48,"column":19},"end":{"line":48,"column":39}},{"start":{"line":48,"column":37},"end":{"line":48,"column":39}}]},"9":{"loc":{"start":{"line":52,"column":2},"end":{"line":54,"column":null}},"type":"if","locations":[{"start":{"line":52,"column":2},"end":{"line":54,"column":null}}]},"10":{"loc":{"start":{"line":70,"column":4},"end":{"line":72,"column":null}},"type":"if","locations":[{"start":{"line":70,"column":4},"end":{"line":72,"column":null}}]}},"s":{"0":5,"1":5,"2":5,"3":5,"4":5,"5":4,"6":4,"7":4,"8":4,"9":1,"10":1,"11":3,"12":3,"13":3,"14":2,"15":1,"16":1,"17":1,"18":5,"19":2,"20":2,"21":2,"22":2,"23":2,"24":2,"25":1,"26":1,"27":5,"28":2,"29":2,"30":2,"31":2,"32":2,"33":2,"34":2,"35":1,"36":1,"37":1,"38":0,"39":5},"f":{"0":4,"1":4,"2":2,"3":2,"4":2,"5":2},"b":{"0":[1],"1":[4,4],"2":[1],"3":[2,1],"4":[1,1],"5":[2,2],"6":[2,2],"7":[2,0],"8":[2,2],"9":[1],"10":[1]}}
,"/media/vicente/Desing e afins/TesteManipulae/servproxy/src/routes/deezer/index.ts": {"path":"/media/vicente/Desing e afins/TesteManipulae/servproxy/src/routes/deezer/index.ts","statementMap":{"0":{"start":{"line":1,"column":0},"end":{"line":1,"column":30}},"1":{"start":{"line":2,"column":0},"end":{"line":2,"column":51}},"2":{"start":{"line":4,"column":15},"end":{"line":4,"column":31}},"3":{"start":{"line":6,"column":0},"end":{"line":29,"column":3}},"4":{"start":{"line":6,"column":69},"end":{"line":29,"column":2}},"5":{"start":{"line":13,"column":2},"end":{"line":28,"column":null}},"6":{"start":{"line":14,"column":18},"end":{"line":14,"column":63}},"7":{"start":{"line":15,"column":18},"end":{"line":15,"column":64}},"8":{"start":{"line":17,"column":21},"end":{"line":17,"column":35}},"9":{"start":{"line":18,"column":19},"end":{"line":18,"column":51}},"10":{"start":{"line":20,"column":25},"end":{"line":23,"column":6}},"11":{"start":{"line":25,"column":4},"end":{"line":25,"column":39}},"12":{"start":{"line":27,"column":4},"end":{"line":27,"column":72}},"13":{"start":{"line":31,"column":0},"end":{"line":31,"column":24}}},"fnMap":{"0":{"name":"(anonymous_8)","decl":{"start":{"line":6,"column":15},"end":{"line":6,"column":22}},"loc":{"start":{"line":6,"column":69},"end":{"line":29,"column":2}}},"1":{"name":"(anonymous_9)","decl":{"start":{"line":6,"column":69},"end":{"line":6,"column":null}},"loc":{"start":{"line":6,"column":69},"end":{"line":29,"column":1}}}},"branchMap":{"0":{"loc":{"start":{"line":14,"column":18},"end":{"line":14,"column":63}},"type":"cond-expr","locations":[{"start":{"line":14,"column":36},"end":{"line":14,"column":59}},{"start":{"line":14,"column":62},"end":{"line":14,"column":63}}]},"1":{"loc":{"start":{"line":15,"column":18},"end":{"line":15,"column":64}},"type":"cond-expr","locations":[{"start":{"line":15,"column":36},"end":{"line":15,"column":59}},{"start":{"line":15,"column":62},"end":{"line":15,"column":64}}]},"2":{"loc":{"start":{"line":22,"column":13},"end":{"line":22,"column":54}},"type":"cond-expr","locations":[{"start":{"line":22,"column":37},"end":{"line":22,"column":50}},{"start":{"line":22,"column":53},"end":{"line":22,"column":54}}]}},"s":{"0":5,"1":5,"2":5,"3":5,"4":7,"5":7,"6":7,"7":7,"8":7,"9":7,"10":4,"11":4,"12":3,"13":5},"f":{"0":7,"1":7},"b":{"0":[5,2],"1":[5,2],"2":[3,1]}}
,"/media/vicente/Desing e afins/TesteManipulae/servproxy/src/routes/search/index.ts": {"path":"/media/vicente/Desing e afins/TesteManipulae/servproxy/src/routes/search/index.ts","statementMap":{"0":{"start":{"line":1,"column":0},"end":{"line":1,"column":30}},"1":{"start":{"line":3,"column":0},"end":{"line":3,"column":46}},"2":{"start":{"line":5,"column":15},"end":{"line":5,"column":31}},"3":{"start":{"line":7,"column":0},"end":{"line":33,"column":3}},"4":{"start":{"line":7,"column":69},"end":{"line":33,"column":2}},"5":{"start":{"line":15,"column":20},"end":{"line":15,"column":48}},"6":{"start":{"line":16,"column":16},"end":{"line":16,"column":61}},"7":{"start":{"line":18,"column":2},"end":{"line":32,"column":null}},"8":{"start":{"line":19,"column":4},"end":{"line":19,"column":69}},"9":{"start":{"line":21,"column":24},"end":{"line":21,"column":36}},"10":{"start":{"line":22,"column":19},"end":{"line":22,"column":61}},"11":{"start":{"line":24,"column":4},"end":{"line":25,"column":61}},"12":{"start":{"line":25,"column":6},"end":{"line":25,"column":61}},"13":{"start":{"line":27,"column":22},"end":{"line":28,"column":null}},"14":{"start":{"line":31,"column":4},"end":{"line":31,"column":39}},"15":{"start":{"line":35,"column":0},"end":{"line":35,"column":24}}},"fnMap":{"0":{"name":"(anonymous_8)","decl":{"start":{"line":7,"column":15},"end":{"line":7,"column":22}},"loc":{"start":{"line":7,"column":69},"end":{"line":33,"column":2}}},"1":{"name":"(anonymous_9)","decl":{"start":{"line":7,"column":69},"end":{"line":7,"column":null}},"loc":{"start":{"line":7,"column":69},"end":{"line":33,"column":1}}}},"branchMap":{"0":{"loc":{"start":{"line":15,"column":20},"end":{"line":15,"column":48}},"type":"cond-expr","locations":[{"start":{"line":15,"column":36},"end":{"line":15,"column":38}},{"start":{"line":15,"column":36},"end":{"line":15,"column":48}}]},"1":{"loc":{"start":{"line":15,"column":20},"end":{"line":15,"column":38}},"type":"binary-expr","locations":[{"start":{"line":15,"column":20},"end":{"line":15,"column":38}},{"start":{"line":15,"column":36},"end":{"line":15,"column":38}}]},"2":{"loc":{"start":{"line":16,"column":16},"end":{"line":16,"column":61}},"type":"cond-expr","locations":[{"start":{"line":16,"column":34},"end":{"line":16,"column":57}},{"start":{"line":16,"column":60},"end":{"line":16,"column":61}}]},"3":{"loc":{"start":{"line":18,"column":2},"end":{"line":32,"column":null}},"type":"if","locations":[{"start":{"line":18,"column":2},"end":{"line":32,"column":null}},{"start":{"line":20,"column":9},"end":{"line":32,"column":null}}]},"4":{"loc":{"start":{"line":18,"column":6},"end":{"line":18,"column":43}},"type":"binary-expr","locations":[{"start":{"line":18,"column":6},"end":{"line":18,"column":29}},{"start":{"line":18,"column":33},"end":{"line":18,"column":43}}]},"5":{"loc":{"start":{"line":18,"column":6},"end":{"line":18,"column":23}},"type":"cond-expr","locations":[{"start":{"line":18,"column":15},"end":{"line":18,"column":17}},{"start":{"line":18,"column":6},"end":{"line":18,"column":23}}]},"6":{"loc":{"start":{"line":18,"column":6},"end":{"line":18,"column":17}},"type":"binary-expr","locations":[{"start":{"line":18,"column":6},"end":{"line":18,"column":17}},{"start":{"line":18,"column":6},"end":{"line":18,"column":17}}]},"7":{"loc":{"start":{"line":24,"column":4},"end":{"line":25,"column":61}},"type":"if","locations":[{"start":{"line":24,"column":4},"end":{"line":25,"column":61}}]}},"s":{"0":5,"1":5,"2":5,"3":5,"4":3,"5":3,"6":3,"7":3,"8":1,"9":2,"10":2,"11":2,"12":1,"13":1,"14":1,"15":5},"f":{"0":3,"1":3},"b":{"0":[1,2],"1":[3,3],"2":[2,1],"3":[1,2],"4":[3,3],"5":[1,2],"6":[3,3],"7":[1]}}
,"/media/vicente/Desing e afins/TesteManipulae/servproxy/src/useCase/UseUsers/index.ts": {"path":"/media/vicente/Desing e afins/TesteManipulae/servproxy/src/useCase/UseUsers/index.ts","statementMap":{"0":{"start":{"line":1,"column":0},"end":{"line":1,"column":36}},"1":{"start":{"line":3,"column":0},"end":{"line":3,"column":36}},"2":{"start":{"line":4,"column":0},"end":{"line":4,"column":28}},"3":{"start":{"line":5,"column":0},"end":{"line":5,"column":36}},"4":{"start":{"line":12,"column":10},"end":{"line":15,"column":4}},"5":{"start":{"line":13,"column":49},"end":{"line":13,"column":53}},"6":{"start":{"line":13,"column":44},"end":{"line":13,"column":49}},"7":{"start":{"line":14,"column":4},"end":{"line":14,"column":31}},"8":{"start":{"line":10,"column":4},"end":{"line":10,"column":23}},"9":{"start":{"line":18,"column":4},"end":{"line":25,"column":null}},"10":{"start":{"line":19,"column":19},"end":{"line":19,"column":64}},"11":{"start":{"line":19,"column":45},"end":{"line":19,"column":63}},"12":{"start":{"line":21,"column":6},"end":{"line":23,"column":null}},"13":{"start":{"line":22,"column":8},"end":{"line":22,"column":51}},"14":{"start":{"line":24,"column":6},"end":{"line":24,"column":39}},"15":{"start":{"line":26,"column":4},"end":{"line":32,"column":null}},"16":{"start":{"line":27,"column":19},"end":{"line":27,"column":68}},"17":{"start":{"line":27,"column":45},"end":{"line":27,"column":67}},"18":{"start":{"line":28,"column":6},"end":{"line":30,"column":null}},"19":{"start":{"line":29,"column":8},"end":{"line":29,"column":51}},"20":{"start":{"line":31,"column":6},"end":{"line":31,"column":39}},"21":{"start":{"line":33,"column":31},"end":{"line":35,"column":6}},"22":{"start":{"line":34,"column":6},"end":{"line":34,"column":39}},"23":{"start":{"line":36,"column":4},"end":{"line":36,"column":30}},"24":{"start":{"line":39,"column":4},"end":{"line":51,"column":null}},"25":{"start":{"line":40,"column":23},"end":{"line":40,"column":72}},"26":{"start":{"line":40,"column":49},"end":{"line":40,"column":71}},"27":{"start":{"line":42,"column":6},"end":{"line":44,"column":null}},"28":{"start":{"line":43,"column":8},"end":{"line":43,"column":46}},"29":{"start":{"line":45,"column":27},"end":{"line":45,"column":62}},"30":{"start":{"line":46,"column":19},"end":{"line":46,"column":75}},"31":{"start":{"line":47,"column":6},"end":{"line":47,"column":28}},"32":{"start":{"line":48,"column":6},"end":{"line":48,"column":39}},"33":{"start":{"line":50,"column":6},"end":{"line":50,"column":66}},"34":{"start":{"line":54,"column":23},"end":{"line":54,"column":25}},"35":{"start":{"line":55,"column":25},"end":{"line":55,"column":64}},"36":{"start":{"line":56,"column":4},"end":{"line":56,"column":24}},"37":{"start":{"line":59,"column":28},"end":{"line":59,"column":64}},"38":{"start":{"line":60,"column":4},"end":{"line":62,"column":null}},"39":{"start":{"line":61,"column":6},"end":{"line":61,"column":41}},"40":{"start":{"line":63,"column":4},"end":{"line":63,"column":27}},"41":{"start":{"line":67,"column":21},"end":{"line":67,"column":70}},"42":{"start":{"line":67,"column":47},"end":{"line":67,"column":69}},"43":{"start":{"line":68,"column":4},"end":{"line":70,"column":null}},"44":{"start":{"line":69,"column":6},"end":{"line":69,"column":49}},"45":{"start":{"line":71,"column":28},"end":{"line":71,"column":36}},"46":{"start":{"line":72,"column":33},"end":{"line":72,"column":50}},"47":{"start":{"line":74,"column":4},"end":{"line":91,"column":null}},"48":{"start":{"line":75,"column":30},"end":{"line":77,"column":null}},"49":{"start":{"line":80,"column":6},"end":{"line":82,"column":null}},"50":{"start":{"line":81,"column":8},"end":{"line":81,"column":43}},"51":{"start":{"line":83,"column":20},"end":{"line":83,"column":55}},"52":{"start":{"line":84,"column":6},"end":{"line":86,"column":null}},"53":{"start":{"line":85,"column":8},"end":{"line":85,"column":21}},"54":{"start":{"line":88,"column":6},"end":{"line":88,"column":19}},"55":{"start":{"line":90,"column":6},"end":{"line":90,"column":66}},"56":{"start":{"line":94,"column":38},"end":{"line":106,"column":6}},"57":{"start":{"line":95,"column":6},"end":{"line":95,"column":33}},"58":{"start":{"line":96,"column":6},"end":{"line":98,"column":null}},"59":{"start":{"line":97,"column":8},"end":{"line":97,"column":48}},"60":{"start":{"line":99,"column":6},"end":{"line":105,"column":9}},"61":{"start":{"line":100,"column":8},"end":{"line":104,"column":null}},"62":{"start":{"line":101,"column":10},"end":{"line":101,"column":51}},"63":{"start":{"line":103,"column":10},"end":{"line":103,"column":25}},"64":{"start":{"line":107,"column":4},"end":{"line":107,"column":21}},"65":{"start":{"line":111,"column":9},"end":{"line":111,"column":17}}},"fnMap":{"0":{"name":"(anonymous_9)","decl":{"start":{"line":9,"column":2},"end":{"line":9,"column":null}},"loc":{"start":{"line":9,"column":2},"end":{"line":11,"column":3}}},"1":{"name":"(anonymous_10)","decl":{"start":{"line":12,"column":27},"end":{"line":12,"column":28}},"loc":{"start":{"line":12,"column":42},"end":{"line":15,"column":3}}},"2":{"name":"(anonymous_11)","decl":{"start":{"line":17,"column":8},"end":{"line":17,"column":11}},"loc":{"start":{"line":17,"column":46},"end":{"line":37,"column":null}}},"3":{"name":"(anonymous_13)","decl":{"start":{"line":19,"column":35},"end":{"line":19,"column":36}},"loc":{"start":{"line":19,"column":45},"end":{"line":19,"column":63}}},"4":{"name":"(anonymous_14)","decl":{"start":{"line":27,"column":35},"end":{"line":27,"column":36}},"loc":{"start":{"line":27,"column":45},"end":{"line":27,"column":67}}},"5":{"name":"(anonymous_15)","decl":{"start":{"line":33,"column":46},"end":{"line":33,"column":47}},"loc":{"start":{"line":33,"column":55},"end":{"line":35,"column":5}}},"6":{"name":"(anonymous_16)","decl":{"start":{"line":38,"column":8},"end":{"line":38,"column":14}},"loc":{"start":{"line":38,"column":49},"end":{"line":52,"column":null}}},"7":{"name":"(anonymous_18)","decl":{"start":{"line":40,"column":39},"end":{"line":40,"column":40}},"loc":{"start":{"line":40,"column":49},"end":{"line":40,"column":71}}},"8":{"name":"(anonymous_19)","decl":{"start":{"line":53,"column":8},"end":{"line":53,"column":22}},"loc":{"start":{"line":53,"column":39},"end":{"line":57,"column":null}}},"9":{"name":"(anonymous_21)","decl":{"start":{"line":58,"column":8},"end":{"line":58,"column":23}},"loc":{"start":{"line":58,"column":54},"end":{"line":64,"column":null}}},"10":{"name":"(anonymous_23)","decl":{"start":{"line":66,"column":8},"end":{"line":66,"column":13}},"loc":{"start":{"line":66,"column":48},"end":{"line":92,"column":null}}},"11":{"name":"(anonymous_25)","decl":{"start":{"line":67,"column":37},"end":{"line":67,"column":38}},"loc":{"start":{"line":67,"column":47},"end":{"line":67,"column":69}}},"12":{"name":"(anonymous_26)","decl":{"start":{"line":93,"column":8},"end":{"line":93,"column":19}},"loc":{"start":{"line":93,"column":34},"end":{"line":108,"column":null}}},"13":{"name":"(anonymous_28)","decl":{"start":{"line":94,"column":56},"end":{"line":94,"column":57}},"loc":{"start":{"line":94,"column":76},"end":{"line":106,"column":5}}},"14":{"name":"(anonymous_29)","decl":{"start":{"line":99,"column":37},"end":{"line":99,"column":38}},"loc":{"start":{"line":99,"column":52},"end":{"line":105,"column":7}}}},"branchMap":{"0":{"loc":{"start":{"line":18,"column":4},"end":{"line":25,"column":null}},"type":"if","locations":[{"start":{"line":18,"column":4},"end":{"line":25,"column":null}}]},"1":{"loc":{"start":{"line":21,"column":6},"end":{"line":23,"column":null}},"type":"if","locations":[{"start":{"line":21,"column":6},"end":{"line":23,"column":null}}]},"2":{"loc":{"start":{"line":26,"column":4},"end":{"line":32,"column":null}},"type":"if","locations":[{"start":{"line":26,"column":4},"end":{"line":32,"column":null}}]},"3":{"loc":{"start":{"line":28,"column":6},"end":{"line":30,"column":null}},"type":"if","locations":[{"start":{"line":28,"column":6},"end":{"line":30,"column":null}}]},"4":{"loc":{"start":{"line":42,"column":6},"end":{"line":44,"column":null}},"type":"if","locations":[{"start":{"line":42,"column":6},"end":{"line":44,"column":null}}]},"5":{"loc":{"start":{"line":60,"column":4},"end":{"line":62,"column":null}},"type":"if","locations":[{"start":{"line":60,"column":4},"end":{"line":62,"column":null}}]},"6":{"loc":{"start":{"line":68,"column":4},"end":{"line":70,"column":null}},"type":"if","locations":[{"start":{"line":68,"column":4},"end":{"line":70,"column":null}}]},"7":{"loc":{"start":{"line":80,"column":6},"end":{"line":82,"column":null}},"type":"if","locations":[{"start":{"line":80,"column":6},"end":{"line":82,"column":null}}]},"8":{"loc":{"start":{"line":84,"column":6},"end":{"line":86,"column":null}},"type":"if","locations":[{"start":{"line":84,"column":6},"end":{"line":86,"column":null}}]},"9":{"loc":{"start":{"line":96,"column":6},"end":{"line":98,"column":null}},"type":"if","locations":[{"start":{"line":96,"column":6},"end":{"line":98,"column":null}}]},"10":{"loc":{"start":{"line":100,"column":8},"end":{"line":104,"column":null}},"type":"if","locations":[{"start":{"line":100,"column":8},"end":{"line":104,"column":null}},{"start":{"line":102,"column":15},"end":{"line":104,"column":null}}]},"11":{"loc":{"start":{"line":100,"column":12},"end":{"line":100,"column":25}},"type":"binary-expr","locations":[{"start":{"line":100,"column":12},"end":{"line":100,"column":15}},{"start":{"line":100,"column":19},"end":{"line":100,"column":25}}]}},"s":{"0":6,"1":6,"2":6,"3":6,"4":18,"5":6,"6":6,"7":6,"8":18,"9":7,"10":3,"11":3,"12":3,"13":2,"14":1,"15":4,"16":2,"17":2,"18":2,"19":1,"20":1,"21":2,"22":2,"23":2,"24":3,"25":3,"26":1,"27":3,"28":1,"29":2,"30":2,"31":2,"32":2,"33":0,"34":2,"35":2,"36":2,"37":4,"38":4,"39":1,"40":3,"41":6,"42":6,"43":6,"44":2,"45":4,"46":4,"47":4,"48":4,"49":4,"50":1,"51":3,"52":3,"53":0,"54":3,"55":0,"56":3,"57":3,"58":3,"59":0,"60":3,"61":3,"62":0,"63":3,"64":3,"65":6},"f":{"0":18,"1":6,"2":7,"3":3,"4":2,"5":2,"6":3,"7":1,"8":2,"9":4,"10":6,"11":6,"12":3,"13":3,"14":3},"b":{"0":[3],"1":[2],"2":[2],"3":[1],"4":[1],"5":[1],"6":[2],"7":[1],"8":[0],"9":[0],"10":[0,3],"11":[3,3]}}
,"/media/vicente/Desing e afins/TesteManipulae/servproxy/src/useCase/getTracks/index.ts": {"path":"/media/vicente/Desing e afins/TesteManipulae/servproxy/src/useCase/getTracks/index.ts","statementMap":{"0":{"start":{"line":1,"column":0},"end":{"line":1,"column":26}},"1":{"start":{"line":8,"column":4},"end":{"line":10,"column":null}},"2":{"start":{"line":9,"column":6},"end":{"line":9,"column":58}},"3":{"start":{"line":11,"column":4},"end":{"line":42,"column":null}},"4":{"start":{"line":12,"column":23},"end":{"line":13,"column":null}},"5":{"start":{"line":16,"column":31},"end":{"line":37,"column":8}},"6":{"start":{"line":17,"column":8},"end":{"line":36,"column":10}},"7":{"start":{"line":39,"column":6},"end":{"line":39,"column":20}},"8":{"start":{"line":41,"column":6},"end":{"line":41,"column":59}},"9":{"start":{"line":4,"column":0},"end":{"line":4,"column":13}}},"fnMap":{"0":{"name":"(anonymous_8)","decl":{"start":{"line":5,"column":2},"end":{"line":5,"column":17}},"loc":{"start":{"line":5,"column":2},"end":{"line":5,"column":18}}},"1":{"name":"(anonymous_9)","decl":{"start":{"line":7,"column":8},"end":{"line":7,"column":11}},"loc":{"start":{"line":7,"column":40},"end":{"line":43,"column":null}}},"2":{"name":"(anonymous_11)","decl":{"start":{"line":16,"column":54},"end":{"line":16,"column":55}},"loc":{"start":{"line":16,"column":69},"end":{"line":37,"column":7}}}},"branchMap":{"0":{"loc":{"start":{"line":8,"column":4},"end":{"line":10,"column":null}},"type":"if","locations":[{"start":{"line":8,"column":4},"end":{"line":10,"column":null}}]},"1":{"loc":{"start":{"line":8,"column":8},"end":{"line":8,"column":36}},"type":"binary-expr","locations":[{"start":{"line":8,"column":8},"end":{"line":8,"column":20}},{"start":{"line":8,"column":24},"end":{"line":8,"column":36}}]}},"s":{"0":5,"1":7,"2":2,"3":5,"4":5,"5":4,"6":15,"7":3,"8":2,"9":5},"f":{"0":7,"1":7,"2":15},"b":{"0":[2],"1":[7,5]}}
,"/media/vicente/Desing e afins/TesteManipulae/servproxy/src/useCase/search/index.ts": {"path":"/media/vicente/Desing e afins/TesteManipulae/servproxy/src/useCase/search/index.ts","statementMap":{"0":{"start":{"line":1,"column":0},"end":{"line":1,"column":26}},"1":{"start":{"line":8,"column":4},"end":{"line":52,"column":null}},"2":{"start":{"line":9,"column":23},"end":{"line":10,"column":null}},"3":{"start":{"line":13,"column":31},"end":{"line":34,"column":8}},"4":{"start":{"line":14,"column":8},"end":{"line":33,"column":10}},"5":{"start":{"line":36,"column":19},"end":{"line":36,"column":61}},"6":{"start":{"line":37,"column":19},"end":{"line":39,"column":12}},"7":{"start":{"line":40,"column":20},"end":{"line":40,"column":39}},"8":{"start":{"line":42,"column":6},"end":{"line":49,"column":8}},"9":{"start":{"line":51,"column":6},"end":{"line":51,"column":42}},"10":{"start":{"line":4,"column":0},"end":{"line":4,"column":13}}},"fnMap":{"0":{"name":"(anonymous_8)","decl":{"start":{"line":5,"column":2},"end":{"line":5,"column":17}},"loc":{"start":{"line":5,"column":2},"end":{"line":5,"column":18}}},"1":{"name":"(anonymous_9)","decl":{"start":{"line":7,"column":8},"end":{"line":7,"column":14}},"loc":{"start":{"line":7,"column":41},"end":{"line":53,"column":null}}},"2":{"name":"(anonymous_11)","decl":{"start":{"line":13,"column":54},"end":{"line":13,"column":55}},"loc":{"start":{"line":13,"column":69},"end":{"line":34,"column":7}}}},"branchMap":{"0":{"loc":{"start":{"line":37,"column":19},"end":{"line":39,"column":12}},"type":"cond-expr","locations":[{"start":{"line":38,"column":10},"end":{"line":38,"column":52}},{"start":{"line":39,"column":10},"end":{"line":39,"column":12}}]},"1":{"loc":{"start":{"line":46,"column":14},"end":{"line":48,"column":14}},"type":"cond-expr","locations":[{"start":{"line":47,"column":12},"end":{"line":47,"column":71}},{"start":{"line":48,"column":12},"end":{"line":48,"column":14}}]}},"s":{"0":6,"1":5,"2":5,"3":3,"4":3,"5":3,"6":3,"7":3,"8":3,"9":2,"10":6},"f":{"0":5,"1":5,"2":3},"b":{"0":[1,2],"1":[1,2]}}
}
