{"/media/vicente/Desing e afins/TesteManipulae/servproxy/db.ts": {"path":"/media/vicente/Desing e afins/TesteManipulae/servproxy/db.ts","statementMap":{"0":{"start":{"line":3,"column":13},"end":{"line":3,"column":32}}},"fnMap":{},"branchMap":{},"s":{"0":4},"f":{},"b":{}}
,"/media/vicente/Desing e afins/TesteManipulae/servproxy/src/mock/track.ts": {"path":"/media/vicente/Desing e afins/TesteManipulae/servproxy/src/mock/track.ts","statementMap":{"0":{"start":{"line":1,"column":13},"end":{"line":20,"column":2}}},"fnMap":{},"branchMap":{},"s":{"0":5},"f":{},"b":{}}
,"/media/vicente/Desing e afins/TesteManipulae/servproxy/src/routes/auth/index.ts": {"path":"/media/vicente/Desing e afins/TesteManipulae/servproxy/src/routes/auth/index.ts","statementMap":{"0":{"start":{"line":2,"column":0},"end":{"line":2,"column":30}},"1":{"start":{"line":7,"column":0},"end":{"line":7,"column":50}},"2":{"start":{"line":9,"column":15},"end":{"line":9,"column":31}},"3":{"start":{"line":10,"column":0},"end":{"line":10,"column":27}},"4":{"start":{"line":12,"column":0},"end":{"line":41,"column":3}},"5":{"start":{"line":12,"column":70},"end":{"line":41,"column":2}},"6":{"start":{"line":20,"column":19},"end":{"line":20,"column":36}},"7":{"start":{"line":21,"column":19},"end":{"line":21,"column":36}},"8":{"start":{"line":23,"column":2},"end":{"line":26,"column":null}},"9":{"start":{"line":24,"column":4},"end":{"line":24,"column":60}},"10":{"start":{"line":25,"column":4},"end":{"line":25,"column":11}},"11":{"start":{"line":28,"column":2},"end":{"line":40,"column":null}},"12":{"start":{"line":29,"column":21},"end":{"line":29,"column":35}},"13":{"start":{"line":30,"column":20},"end":{"line":30,"column":61}},"14":{"start":{"line":32,"column":4},"end":{"line":34,"column":null}},"15":{"start":{"line":33,"column":6},"end":{"line":33,"column":51}},"16":{"start":{"line":35,"column":4},"end":{"line":37,"column":70}},"17":{"start":{"line":39,"column":4},"end":{"line":39,"column":57}},"18":{"start":{"line":43,"column":0},"end":{"line":60,"column":3}},"19":{"start":{"line":43,"column":69},"end":{"line":60,"column":2}},"20":{"start":{"line":51,"column":17},"end":{"line":51,"column":54}},"21":{"start":{"line":52,"column":19},"end":{"line":52,"column":62}},"22":{"start":{"line":54,"column":19},"end":{"line":54,"column":33}},"23":{"start":{"line":55,"column":16},"end":{"line":55,"column":52}},"24":{"start":{"line":56,"column":2},"end":{"line":58,"column":null}},"25":{"start":{"line":57,"column":4},"end":{"line":57,"column":47}},"26":{"start":{"line":59,"column":2},"end":{"line":59,"column":37}},"27":{"start":{"line":62,"column":0},"end":{"line":83,"column":3}},"28":{"start":{"line":62,"column":69},"end":{"line":83,"column":2}},"29":{"start":{"line":69,"column":19},"end":{"line":69,"column":36}},"30":{"start":{"line":70,"column":19},"end":{"line":70,"column":36}},"31":{"start":{"line":71,"column":2},"end":{"line":82,"column":null}},"32":{"start":{"line":72,"column":21},"end":{"line":72,"column":35}},"33":{"start":{"line":73,"column":25},"end":{"line":73,"column":65}},"34":{"start":{"line":74,"column":4},"end":{"line":76,"column":null}},"35":{"start":{"line":75,"column":6},"end":{"line":75,"column":56}},"36":{"start":{"line":78,"column":4},"end":{"line":78,"column":43}},"37":{"start":{"line":79,"column":4},"end":{"line":79,"column":63}},"38":{"start":{"line":81,"column":4},"end":{"line":81,"column":57}},"39":{"start":{"line":85,"column":0},"end":{"line":85,"column":24}}},"fnMap":{"0":{"name":"(anonymous_8)","decl":{"start":{"line":12,"column":16},"end":{"line":12,"column":23}},"loc":{"start":{"line":12,"column":70},"end":{"line":41,"column":2}}},"1":{"name":"(anonymous_9)","decl":{"start":{"line":12,"column":70},"end":{"line":12,"column":null}},"loc":{"start":{"line":12,"column":70},"end":{"line":41,"column":1}}},"2":{"name":"(anonymous_10)","decl":{"start":{"line":43,"column":15},"end":{"line":43,"column":22}},"loc":{"start":{"line":43,"column":69},"end":{"line":60,"column":2}}},"3":{"name":"(anonymous_11)","decl":{"start":{"line":43,"column":69},"end":{"line":43,"column":null}},"loc":{"start":{"line":43,"column":69},"end":{"line":60,"column":1}}},"4":{"name":"(anonymous_12)","decl":{"start":{"line":62,"column":15},"end":{"line":62,"column":22}},"loc":{"start":{"line":62,"column":69},"end":{"line":83,"column":2}}},"5":{"name":"(anonymous_13)","decl":{"start":{"line":62,"column":69},"end":{"line":62,"column":null}},"loc":{"start":{"line":62,"column":69},"end":{"line":83,"column":1}}}},"branchMap":{"0":{"loc":{"start":{"line":23,"column":2},"end":{"line":26,"column":null}},"type":"if","locations":[{"start":{"line":23,"column":2},"end":{"line":26,"column":null}}]},"1":{"loc":{"start":{"line":23,"column":6},"end":{"line":23,"column":28}},"type":"binary-expr","locations":[{"start":{"line":23,"column":6},"end":{"line":23,"column":15}},{"start":{"line":23,"column":19},"end":{"line":23,"column":28}}]},"2":{"loc":{"start":{"line":32,"column":4},"end":{"line":34,"column":null}},"type":"if","locations":[{"start":{"line":32,"column":4},"end":{"line":34,"column":null}}]},"3":{"loc":{"start":{"line":51,"column":17},"end":{"line":51,"column":54}},"type":"binary-expr","locations":[{"start":{"line":51,"column":17},"end":{"line":51,"column":41}},{"start":{"line":51,"column":45},"end":{"line":51,"column":54}}]},"4":{"loc":{"start":{"line":51,"column":17},"end":{"line":51,"column":41}},"type":"cond-expr","locations":[{"start":{"line":51,"column":29},"end":{"line":51,"column":31}},{"start":{"line":51,"column":29},"end":{"line":51,"column":41}}]},"5":{"loc":{"start":{"line":51,"column":17},"end":{"line":51,"column":31}},"type":"binary-expr","locations":[{"start":{"line":51,"column":17},"end":{"line":51,"column":31}},{"start":{"line":51,"column":29},"end":{"line":51,"column":31}}]},"6":{"loc":{"start":{"line":52,"column":19},"end":{"line":52,"column":62}},"type":"binary-expr","locations":[{"start":{"line":52,"column":19},"end":{"line":52,"column":49}},{"start":{"line":52,"column":53},"end":{"line":52,"column":62}}]},"7":{"loc":{"start":{"line":52,"column":19},"end":{"line":52,"column":49}},"type":"cond-expr","locations":[{"start":{"line":52,"column":37},"end":{"line":52,"column":39}},{"start":{"line":52,"column":37},"end":{"line":52,"column":49}}]},"8":{"loc":{"start":{"line":52,"column":19},"end":{"line":52,"column":39}},"type":"binary-expr","locations":[{"start":{"line":52,"column":19},"end":{"line":52,"column":39}},{"start":{"line":52,"column":37},"end":{"line":52,"column":39}}]},"9":{"loc":{"start":{"line":56,"column":2},"end":{"line":58,"column":null}},"type":"if","locations":[{"start":{"line":56,"column":2},"end":{"line":58,"column":null}}]},"10":{"loc":{"start":{"line":74,"column":4},"end":{"line":76,"column":null}},"type":"if","locations":[{"start":{"line":74,"column":4},"end":{"line":76,"column":null}}]}},"s":{"0":4,"1":4,"2":4,"3":4,"4":4,"5":0,"6":0,"7":0,"8":0,"9":0,"10":0,"11":0,"12":0,"13":0,"14":0,"15":0,"16":0,"17":0,"18":4,"19":0,"20":0,"21":0,"22":0,"23":0,"24":0,"25":0,"26":0,"27":4,"28":0,"29":0,"30":0,"31":0,"32":0,"33":0,"34":0,"35":0,"36":0,"37":0,"38":0,"39":4},"f":{"0":0,"1":0,"2":0,"3":0,"4":0,"5":0},"b":{"0":[0],"1":[0,0],"2":[0],"3":[0,0],"4":[0,0],"5":[0,0],"6":[0,0],"7":[0,0],"8":[0,0],"9":[0],"10":[0]}}
,"/media/vicente/Desing e afins/TesteManipulae/servproxy/src/routes/deezer/index.ts": {"path":"/media/vicente/Desing e afins/TesteManipulae/servproxy/src/routes/deezer/index.ts","statementMap":{"0":{"start":{"line":1,"column":0},"end":{"line":1,"column":30}},"1":{"start":{"line":2,"column":0},"end":{"line":2,"column":51}},"2":{"start":{"line":4,"column":15},"end":{"line":4,"column":31}},"3":{"start":{"line":6,"column":0},"end":{"line":29,"column":3}},"4":{"start":{"line":6,"column":69},"end":{"line":29,"column":2}},"5":{"start":{"line":13,"column":2},"end":{"line":28,"column":null}},"6":{"start":{"line":14,"column":18},"end":{"line":14,"column":63}},"7":{"start":{"line":15,"column":18},"end":{"line":15,"column":64}},"8":{"start":{"line":17,"column":21},"end":{"line":17,"column":35}},"9":{"start":{"line":18,"column":19},"end":{"line":18,"column":51}},"10":{"start":{"line":20,"column":25},"end":{"line":23,"column":6}},"11":{"start":{"line":25,"column":4},"end":{"line":25,"column":39}},"12":{"start":{"line":27,"column":4},"end":{"line":27,"column":72}},"13":{"start":{"line":31,"column":0},"end":{"line":31,"column":24}}},"fnMap":{"0":{"name":"(anonymous_8)","decl":{"start":{"line":6,"column":15},"end":{"line":6,"column":22}},"loc":{"start":{"line":6,"column":69},"end":{"line":29,"column":2}}},"1":{"name":"(anonymous_9)","decl":{"start":{"line":6,"column":69},"end":{"line":6,"column":null}},"loc":{"start":{"line":6,"column":69},"end":{"line":29,"column":1}}}},"branchMap":{"0":{"loc":{"start":{"line":14,"column":18},"end":{"line":14,"column":63}},"type":"cond-expr","locations":[{"start":{"line":14,"column":36},"end":{"line":14,"column":59}},{"start":{"line":14,"column":62},"end":{"line":14,"column":63}}]},"1":{"loc":{"start":{"line":15,"column":18},"end":{"line":15,"column":64}},"type":"cond-expr","locations":[{"start":{"line":15,"column":36},"end":{"line":15,"column":59}},{"start":{"line":15,"column":62},"end":{"line":15,"column":64}}]},"2":{"loc":{"start":{"line":22,"column":13},"end":{"line":22,"column":54}},"type":"cond-expr","locations":[{"start":{"line":22,"column":37},"end":{"line":22,"column":50}},{"start":{"line":22,"column":53},"end":{"line":22,"column":54}}]}},"s":{"0":4,"1":4,"2":4,"3":4,"4":7,"5":7,"6":7,"7":7,"8":7,"9":7,"10":4,"11":4,"12":3,"13":4},"f":{"0":7,"1":7},"b":{"0":[5,2],"1":[5,2],"2":[3,1]}}
,"/media/vicente/Desing e afins/TesteManipulae/servproxy/src/routes/search/index.ts": {"path":"/media/vicente/Desing e afins/TesteManipulae/servproxy/src/routes/search/index.ts","statementMap":{"0":{"start":{"line":1,"column":0},"end":{"line":1,"column":30}},"1":{"start":{"line":3,"column":0},"end":{"line":3,"column":46}},"2":{"start":{"line":5,"column":15},"end":{"line":5,"column":31}},"3":{"start":{"line":7,"column":0},"end":{"line":33,"column":3}},"4":{"start":{"line":7,"column":69},"end":{"line":33,"column":2}},"5":{"start":{"line":15,"column":20},"end":{"line":15,"column":48}},"6":{"start":{"line":16,"column":16},"end":{"line":16,"column":61}},"7":{"start":{"line":18,"column":2},"end":{"line":32,"column":null}},"8":{"start":{"line":19,"column":4},"end":{"line":19,"column":69}},"9":{"start":{"line":21,"column":24},"end":{"line":21,"column":36}},"10":{"start":{"line":22,"column":19},"end":{"line":22,"column":61}},"11":{"start":{"line":24,"column":4},"end":{"line":25,"column":61}},"12":{"start":{"line":25,"column":6},"end":{"line":25,"column":61}},"13":{"start":{"line":27,"column":22},"end":{"line":28,"column":null}},"14":{"start":{"line":31,"column":4},"end":{"line":31,"column":39}},"15":{"start":{"line":35,"column":0},"end":{"line":35,"column":24}}},"fnMap":{"0":{"name":"(anonymous_8)","decl":{"start":{"line":7,"column":15},"end":{"line":7,"column":22}},"loc":{"start":{"line":7,"column":69},"end":{"line":33,"column":2}}},"1":{"name":"(anonymous_9)","decl":{"start":{"line":7,"column":69},"end":{"line":7,"column":null}},"loc":{"start":{"line":7,"column":69},"end":{"line":33,"column":1}}}},"branchMap":{"0":{"loc":{"start":{"line":15,"column":20},"end":{"line":15,"column":48}},"type":"cond-expr","locations":[{"start":{"line":15,"column":36},"end":{"line":15,"column":38}},{"start":{"line":15,"column":36},"end":{"line":15,"column":48}}]},"1":{"loc":{"start":{"line":15,"column":20},"end":{"line":15,"column":38}},"type":"binary-expr","locations":[{"start":{"line":15,"column":20},"end":{"line":15,"column":38}},{"start":{"line":15,"column":36},"end":{"line":15,"column":38}}]},"2":{"loc":{"start":{"line":16,"column":16},"end":{"line":16,"column":61}},"type":"cond-expr","locations":[{"start":{"line":16,"column":34},"end":{"line":16,"column":57}},{"start":{"line":16,"column":60},"end":{"line":16,"column":61}}]},"3":{"loc":{"start":{"line":18,"column":2},"end":{"line":32,"column":null}},"type":"if","locations":[{"start":{"line":18,"column":2},"end":{"line":32,"column":null}},{"start":{"line":20,"column":9},"end":{"line":32,"column":null}}]},"4":{"loc":{"start":{"line":18,"column":6},"end":{"line":18,"column":43}},"type":"binary-expr","locations":[{"start":{"line":18,"column":6},"end":{"line":18,"column":29}},{"start":{"line":18,"column":33},"end":{"line":18,"column":43}}]},"5":{"loc":{"start":{"line":18,"column":6},"end":{"line":18,"column":23}},"type":"cond-expr","locations":[{"start":{"line":18,"column":15},"end":{"line":18,"column":17}},{"start":{"line":18,"column":6},"end":{"line":18,"column":23}}]},"6":{"loc":{"start":{"line":18,"column":6},"end":{"line":18,"column":17}},"type":"binary-expr","locations":[{"start":{"line":18,"column":6},"end":{"line":18,"column":17}},{"start":{"line":18,"column":6},"end":{"line":18,"column":17}}]},"7":{"loc":{"start":{"line":24,"column":4},"end":{"line":25,"column":61}},"type":"if","locations":[{"start":{"line":24,"column":4},"end":{"line":25,"column":61}}]}},"s":{"0":4,"1":4,"2":4,"3":4,"4":3,"5":3,"6":3,"7":3,"8":1,"9":2,"10":2,"11":2,"12":1,"13":1,"14":1,"15":4},"f":{"0":3,"1":3},"b":{"0":[1,2],"1":[3,3],"2":[2,1],"3":[1,2],"4":[3,3],"5":[1,2],"6":[3,3],"7":[1]}}
,"/media/vicente/Desing e afins/TesteManipulae/servproxy/src/useCase/UseUsers/index.ts": {"path":"/media/vicente/Desing e afins/TesteManipulae/servproxy/src/useCase/UseUsers/index.ts","statementMap":{"0":{"start":{"line":1,"column":0},"end":{"line":1,"column":36}},"1":{"start":{"line":3,"column":0},"end":{"line":3,"column":36}},"2":{"start":{"line":4,"column":0},"end":{"line":4,"column":28}},"3":{"start":{"line":5,"column":0},"end":{"line":5,"column":36}},"4":{"start":{"line":12,"column":10},"end":{"line":15,"column":4}},"5":{"start":{"line":13,"column":49},"end":{"line":13,"column":53}},"6":{"start":{"line":13,"column":44},"end":{"line":13,"column":49}},"7":{"start":{"line":14,"column":4},"end":{"line":14,"column":31}},"8":{"start":{"line":10,"column":4},"end":{"line":10,"column":23}},"9":{"start":{"line":18,"column":4},"end":{"line":25,"column":null}},"10":{"start":{"line":19,"column":19},"end":{"line":19,"column":64}},"11":{"start":{"line":19,"column":45},"end":{"line":19,"column":63}},"12":{"start":{"line":21,"column":6},"end":{"line":23,"column":null}},"13":{"start":{"line":22,"column":8},"end":{"line":22,"column":51}},"14":{"start":{"line":24,"column":6},"end":{"line":24,"column":39}},"15":{"start":{"line":26,"column":4},"end":{"line":32,"column":null}},"16":{"start":{"line":27,"column":19},"end":{"line":27,"column":68}},"17":{"start":{"line":27,"column":45},"end":{"line":27,"column":67}},"18":{"start":{"line":28,"column":6},"end":{"line":30,"column":null}},"19":{"start":{"line":29,"column":8},"end":{"line":29,"column":51}},"20":{"start":{"line":31,"column":6},"end":{"line":31,"column":39}},"21":{"start":{"line":33,"column":31},"end":{"line":35,"column":6}},"22":{"start":{"line":34,"column":6},"end":{"line":34,"column":39}},"23":{"start":{"line":36,"column":4},"end":{"line":36,"column":30}},"24":{"start":{"line":39,"column":4},"end":{"line":51,"column":null}},"25":{"start":{"line":40,"column":23},"end":{"line":40,"column":72}},"26":{"start":{"line":40,"column":49},"end":{"line":40,"column":71}},"27":{"start":{"line":42,"column":6},"end":{"line":44,"column":null}},"28":{"start":{"line":43,"column":8},"end":{"line":43,"column":46}},"29":{"start":{"line":45,"column":27},"end":{"line":45,"column":62}},"30":{"start":{"line":46,"column":19},"end":{"line":46,"column":75}},"31":{"start":{"line":47,"column":6},"end":{"line":47,"column":28}},"32":{"start":{"line":48,"column":6},"end":{"line":48,"column":39}},"33":{"start":{"line":50,"column":6},"end":{"line":50,"column":66}},"34":{"start":{"line":54,"column":23},"end":{"line":54,"column":25}},"35":{"start":{"line":55,"column":25},"end":{"line":55,"column":64}},"36":{"start":{"line":56,"column":4},"end":{"line":56,"column":24}},"37":{"start":{"line":59,"column":28},"end":{"line":59,"column":64}},"38":{"start":{"line":60,"column":4},"end":{"line":62,"column":null}},"39":{"start":{"line":61,"column":6},"end":{"line":61,"column":41}},"40":{"start":{"line":63,"column":4},"end":{"line":63,"column":27}},"41":{"start":{"line":67,"column":21},"end":{"line":67,"column":70}},"42":{"start":{"line":67,"column":47},"end":{"line":67,"column":69}},"43":{"start":{"line":68,"column":4},"end":{"line":70,"column":null}},"44":{"start":{"line":69,"column":6},"end":{"line":69,"column":49}},"45":{"start":{"line":71,"column":28},"end":{"line":71,"column":36}},"46":{"start":{"line":72,"column":33},"end":{"line":72,"column":50}},"47":{"start":{"line":73,"column":4},"end":{"line":89,"column":null}},"48":{"start":{"line":74,"column":30},"end":{"line":76,"column":null}},"49":{"start":{"line":78,"column":6},"end":{"line":80,"column":null}},"50":{"start":{"line":79,"column":8},"end":{"line":79,"column":43}},"51":{"start":{"line":81,"column":20},"end":{"line":81,"column":55}},"52":{"start":{"line":82,"column":6},"end":{"line":84,"column":null}},"53":{"start":{"line":83,"column":8},"end":{"line":83,"column":21}},"54":{"start":{"line":86,"column":6},"end":{"line":86,"column":19}},"55":{"start":{"line":88,"column":6},"end":{"line":88,"column":66}},"56":{"start":{"line":92,"column":38},"end":{"line":105,"column":6}},"57":{"start":{"line":93,"column":6},"end":{"line":93,"column":33}},"58":{"start":{"line":94,"column":6},"end":{"line":96,"column":null}},"59":{"start":{"line":95,"column":8},"end":{"line":95,"column":48}},"60":{"start":{"line":97,"column":6},"end":{"line":104,"column":9}},"61":{"start":{"line":98,"column":8},"end":{"line":98,"column":40}},"62":{"start":{"line":99,"column":8},"end":{"line":103,"column":null}},"63":{"start":{"line":100,"column":10},"end":{"line":100,"column":51}},"64":{"start":{"line":102,"column":10},"end":{"line":102,"column":25}},"65":{"start":{"line":106,"column":4},"end":{"line":106,"column":21}},"66":{"start":{"line":110,"column":9},"end":{"line":110,"column":17}}},"fnMap":{"0":{"name":"(anonymous_15)","decl":{"start":{"line":9,"column":2},"end":{"line":9,"column":null}},"loc":{"start":{"line":9,"column":2},"end":{"line":11,"column":3}}},"1":{"name":"(anonymous_16)","decl":{"start":{"line":12,"column":27},"end":{"line":12,"column":28}},"loc":{"start":{"line":12,"column":42},"end":{"line":15,"column":3}}},"2":{"name":"(anonymous_17)","decl":{"start":{"line":17,"column":8},"end":{"line":17,"column":11}},"loc":{"start":{"line":17,"column":46},"end":{"line":37,"column":null}}},"3":{"name":"(anonymous_19)","decl":{"start":{"line":19,"column":35},"end":{"line":19,"column":36}},"loc":{"start":{"line":19,"column":45},"end":{"line":19,"column":63}}},"4":{"name":"(anonymous_20)","decl":{"start":{"line":27,"column":35},"end":{"line":27,"column":36}},"loc":{"start":{"line":27,"column":45},"end":{"line":27,"column":67}}},"5":{"name":"(anonymous_21)","decl":{"start":{"line":33,"column":46},"end":{"line":33,"column":47}},"loc":{"start":{"line":33,"column":55},"end":{"line":35,"column":5}}},"6":{"name":"(anonymous_22)","decl":{"start":{"line":38,"column":8},"end":{"line":38,"column":14}},"loc":{"start":{"line":38,"column":49},"end":{"line":52,"column":null}}},"7":{"name":"(anonymous_24)","decl":{"start":{"line":40,"column":39},"end":{"line":40,"column":40}},"loc":{"start":{"line":40,"column":49},"end":{"line":40,"column":71}}},"8":{"name":"(anonymous_25)","decl":{"start":{"line":53,"column":8},"end":{"line":53,"column":22}},"loc":{"start":{"line":53,"column":39},"end":{"line":57,"column":null}}},"9":{"name":"(anonymous_27)","decl":{"start":{"line":58,"column":8},"end":{"line":58,"column":23}},"loc":{"start":{"line":58,"column":54},"end":{"line":64,"column":null}}},"10":{"name":"(anonymous_29)","decl":{"start":{"line":66,"column":8},"end":{"line":66,"column":13}},"loc":{"start":{"line":66,"column":48},"end":{"line":90,"column":null}}},"11":{"name":"(anonymous_31)","decl":{"start":{"line":67,"column":37},"end":{"line":67,"column":38}},"loc":{"start":{"line":67,"column":47},"end":{"line":67,"column":69}}},"12":{"name":"(anonymous_32)","decl":{"start":{"line":91,"column":8},"end":{"line":91,"column":19}},"loc":{"start":{"line":91,"column":34},"end":{"line":107,"column":null}}},"13":{"name":"(anonymous_34)","decl":{"start":{"line":92,"column":56},"end":{"line":92,"column":57}},"loc":{"start":{"line":92,"column":76},"end":{"line":105,"column":5}}},"14":{"name":"(anonymous_35)","decl":{"start":{"line":97,"column":41},"end":{"line":97,"column":42}},"loc":{"start":{"line":97,"column":56},"end":{"line":104,"column":7}}}},"branchMap":{"0":{"loc":{"start":{"line":18,"column":4},"end":{"line":25,"column":null}},"type":"if","locations":[{"start":{"line":18,"column":4},"end":{"line":25,"column":null}}]},"1":{"loc":{"start":{"line":21,"column":6},"end":{"line":23,"column":null}},"type":"if","locations":[{"start":{"line":21,"column":6},"end":{"line":23,"column":null}}]},"2":{"loc":{"start":{"line":26,"column":4},"end":{"line":32,"column":null}},"type":"if","locations":[{"start":{"line":26,"column":4},"end":{"line":32,"column":null}}]},"3":{"loc":{"start":{"line":28,"column":6},"end":{"line":30,"column":null}},"type":"if","locations":[{"start":{"line":28,"column":6},"end":{"line":30,"column":null}}]},"4":{"loc":{"start":{"line":42,"column":6},"end":{"line":44,"column":null}},"type":"if","locations":[{"start":{"line":42,"column":6},"end":{"line":44,"column":null}}]},"5":{"loc":{"start":{"line":60,"column":4},"end":{"line":62,"column":null}},"type":"if","locations":[{"start":{"line":60,"column":4},"end":{"line":62,"column":null}}]},"6":{"loc":{"start":{"line":68,"column":4},"end":{"line":70,"column":null}},"type":"if","locations":[{"start":{"line":68,"column":4},"end":{"line":70,"column":null}}]},"7":{"loc":{"start":{"line":78,"column":6},"end":{"line":80,"column":null}},"type":"if","locations":[{"start":{"line":78,"column":6},"end":{"line":80,"column":null}}]},"8":{"loc":{"start":{"line":82,"column":6},"end":{"line":84,"column":null}},"type":"if","locations":[{"start":{"line":82,"column":6},"end":{"line":84,"column":null}}]},"9":{"loc":{"start":{"line":94,"column":6},"end":{"line":96,"column":null}},"type":"if","locations":[{"start":{"line":94,"column":6},"end":{"line":96,"column":null}}]},"10":{"loc":{"start":{"line":99,"column":8},"end":{"line":103,"column":null}},"type":"if","locations":[{"start":{"line":99,"column":8},"end":{"line":103,"column":null}},{"start":{"line":101,"column":15},"end":{"line":103,"column":null}}]},"11":{"loc":{"start":{"line":99,"column":12},"end":{"line":99,"column":25}},"type":"binary-expr","locations":[{"start":{"line":99,"column":12},"end":{"line":99,"column":15}},{"start":{"line":99,"column":19},"end":{"line":99,"column":25}}]}},"s":{"0":4,"1":4,"2":4,"3":4,"4":0,"5":0,"6":0,"7":0,"8":0,"9":0,"10":0,"11":0,"12":0,"13":0,"14":0,"15":0,"16":0,"17":0,"18":0,"19":0,"20":0,"21":0,"22":0,"23":0,"24":0,"25":0,"26":0,"27":0,"28":0,"29":0,"30":0,"31":0,"32":0,"33":0,"34":0,"35":0,"36":0,"37":0,"38":0,"39":0,"40":0,"41":0,"42":0,"43":0,"44":0,"45":0,"46":0,"47":0,"48":0,"49":0,"50":0,"51":0,"52":0,"53":0,"54":0,"55":0,"56":0,"57":0,"58":0,"59":0,"60":0,"61":0,"62":0,"63":0,"64":0,"65":0,"66":4},"f":{"0":0,"1":0,"2":0,"3":0,"4":0,"5":0,"6":0,"7":0,"8":0,"9":0,"10":0,"11":0,"12":0,"13":0,"14":0},"b":{"0":[0],"1":[0],"2":[0],"3":[0],"4":[0],"5":[0],"6":[0],"7":[0],"8":[0],"9":[0],"10":[0,0],"11":[0,0]}}
,"/media/vicente/Desing e afins/TesteManipulae/servproxy/src/useCase/getTracks/index.ts": {"path":"/media/vicente/Desing e afins/TesteManipulae/servproxy/src/useCase/getTracks/index.ts","statementMap":{"0":{"start":{"line":1,"column":0},"end":{"line":1,"column":26}},"1":{"start":{"line":8,"column":4},"end":{"line":10,"column":null}},"2":{"start":{"line":9,"column":6},"end":{"line":9,"column":58}},"3":{"start":{"line":11,"column":4},"end":{"line":42,"column":null}},"4":{"start":{"line":12,"column":23},"end":{"line":13,"column":null}},"5":{"start":{"line":16,"column":31},"end":{"line":37,"column":8}},"6":{"start":{"line":17,"column":8},"end":{"line":36,"column":10}},"7":{"start":{"line":39,"column":6},"end":{"line":39,"column":20}},"8":{"start":{"line":41,"column":6},"end":{"line":41,"column":59}},"9":{"start":{"line":4,"column":0},"end":{"line":4,"column":13}}},"fnMap":{"0":{"name":"(anonymous_8)","decl":{"start":{"line":5,"column":2},"end":{"line":5,"column":17}},"loc":{"start":{"line":5,"column":2},"end":{"line":5,"column":18}}},"1":{"name":"(anonymous_9)","decl":{"start":{"line":7,"column":8},"end":{"line":7,"column":11}},"loc":{"start":{"line":7,"column":40},"end":{"line":43,"column":null}}},"2":{"name":"(anonymous_11)","decl":{"start":{"line":16,"column":54},"end":{"line":16,"column":55}},"loc":{"start":{"line":16,"column":69},"end":{"line":37,"column":7}}}},"branchMap":{"0":{"loc":{"start":{"line":8,"column":4},"end":{"line":10,"column":null}},"type":"if","locations":[{"start":{"line":8,"column":4},"end":{"line":10,"column":null}}]},"1":{"loc":{"start":{"line":8,"column":8},"end":{"line":8,"column":36}},"type":"binary-expr","locations":[{"start":{"line":8,"column":8},"end":{"line":8,"column":20}},{"start":{"line":8,"column":24},"end":{"line":8,"column":36}}]}},"s":{"0":4,"1":7,"2":2,"3":5,"4":5,"5":4,"6":15,"7":3,"8":2,"9":4},"f":{"0":7,"1":7,"2":15},"b":{"0":[2],"1":[7,5]}}
,"/media/vicente/Desing e afins/TesteManipulae/servproxy/src/useCase/search/index.ts": {"path":"/media/vicente/Desing e afins/TesteManipulae/servproxy/src/useCase/search/index.ts","statementMap":{"0":{"start":{"line":1,"column":0},"end":{"line":1,"column":26}},"1":{"start":{"line":8,"column":4},"end":{"line":52,"column":null}},"2":{"start":{"line":9,"column":23},"end":{"line":10,"column":null}},"3":{"start":{"line":13,"column":31},"end":{"line":34,"column":8}},"4":{"start":{"line":14,"column":8},"end":{"line":33,"column":10}},"5":{"start":{"line":36,"column":19},"end":{"line":36,"column":61}},"6":{"start":{"line":37,"column":19},"end":{"line":39,"column":12}},"7":{"start":{"line":40,"column":20},"end":{"line":40,"column":39}},"8":{"start":{"line":42,"column":6},"end":{"line":49,"column":8}},"9":{"start":{"line":51,"column":6},"end":{"line":51,"column":42}},"10":{"start":{"line":4,"column":0},"end":{"line":4,"column":13}}},"fnMap":{"0":{"name":"(anonymous_8)","decl":{"start":{"line":5,"column":2},"end":{"line":5,"column":17}},"loc":{"start":{"line":5,"column":2},"end":{"line":5,"column":18}}},"1":{"name":"(anonymous_9)","decl":{"start":{"line":7,"column":8},"end":{"line":7,"column":14}},"loc":{"start":{"line":7,"column":41},"end":{"line":53,"column":null}}},"2":{"name":"(anonymous_11)","decl":{"start":{"line":13,"column":54},"end":{"line":13,"column":55}},"loc":{"start":{"line":13,"column":69},"end":{"line":34,"column":7}}}},"branchMap":{"0":{"loc":{"start":{"line":37,"column":19},"end":{"line":39,"column":12}},"type":"cond-expr","locations":[{"start":{"line":38,"column":10},"end":{"line":38,"column":52}},{"start":{"line":39,"column":10},"end":{"line":39,"column":12}}]},"1":{"loc":{"start":{"line":46,"column":14},"end":{"line":48,"column":14}},"type":"cond-expr","locations":[{"start":{"line":47,"column":12},"end":{"line":47,"column":71}},{"start":{"line":48,"column":12},"end":{"line":48,"column":14}}]}},"s":{"0":5,"1":5,"2":5,"3":3,"4":3,"5":3,"6":3,"7":3,"8":3,"9":2,"10":5},"f":{"0":5,"1":5,"2":3},"b":{"0":[1,2],"1":[1,2]}}
}
