TN:
SF:db.ts
FNF:0
FNH:0
DA:3,4
LF:1
LH:1
BRF:0
BRH:0
end_of_record
TN:
SF:src/mock/track.ts
FNF:0
FNH:0
DA:1,5
LF:1
LH:1
BRF:0
BRH:0
end_of_record
TN:
SF:src/routes/auth/index.ts
FN:12,(anonymous_8)
FN:12,(anonymous_9)
FN:43,(anonymous_10)
FN:43,(anonymous_11)
FN:62,(anonymous_12)
FN:62,(anonymous_13)
FNF:6
FNH:0
FNDA:0,(anonymous_8)
FNDA:0,(anonymous_9)
FNDA:0,(anonymous_10)
FNDA:0,(anonymous_11)
FNDA:0,(anonymous_12)
FNDA:0,(anonymous_13)
DA:2,4
DA:7,4
DA:9,4
DA:10,4
DA:12,4
DA:20,0
DA:21,0
DA:23,0
DA:24,0
DA:25,0
DA:28,0
DA:29,0
DA:30,0
DA:32,0
DA:33,0
DA:35,0
DA:39,0
DA:43,4
DA:51,0
DA:52,0
DA:54,0
DA:55,0
DA:56,0
DA:57,0
DA:59,0
DA:62,4
DA:69,0
DA:70,0
DA:71,0
DA:72,0
DA:73,0
DA:74,0
DA:75,0
DA:78,0
DA:79,0
DA:81,0
DA:85,4
LF:37
LH:8
BRDA:23,0,0,0
BRDA:23,1,0,0
BRDA:23,1,1,0
BRDA:32,2,0,0
BRDA:51,3,0,0
BRDA:51,3,1,0
BRDA:51,4,0,0
BRDA:51,4,1,0
BRDA:51,5,0,0
BRDA:51,5,1,0
BRDA:52,6,0,0
BRDA:52,6,1,0
BRDA:52,7,0,0
BRDA:52,7,1,0
BRDA:52,8,0,0
BRDA:52,8,1,0
BRDA:56,9,0,0
BRDA:74,10,0,0
BRF:18
BRH:0
end_of_record
TN:
SF:src/routes/deezer/index.ts
FN:6,(anonymous_8)
FN:6,(anonymous_9)
FNF:2
FNH:2
FNDA:7,(anonymous_8)
FNDA:7,(anonymous_9)
DA:1,4
DA:2,4
DA:4,4
DA:6,7
DA:13,7
DA:14,7
DA:15,7
DA:17,7
DA:18,7
DA:20,4
DA:25,4
DA:27,3
DA:31,4
LF:13
LH:13
BRDA:14,0,0,5
BRDA:14,0,1,2
BRDA:15,1,0,5
BRDA:15,1,1,2
BRDA:22,2,0,3
BRDA:22,2,1,1
BRF:6
BRH:6
end_of_record
TN:
SF:src/routes/search/index.ts
FN:7,(anonymous_8)
FN:7,(anonymous_9)
FNF:2
FNH:2
FNDA:3,(anonymous_8)
FNDA:3,(anonymous_9)
DA:1,4
DA:3,4
DA:5,4
DA:7,4
DA:15,3
DA:16,3
DA:18,3
DA:19,1
DA:21,2
DA:22,2
DA:24,2
DA:25,1
DA:27,1
DA:31,1
DA:35,4
LF:15
LH:15
BRDA:15,0,0,1
BRDA:15,0,1,2
BRDA:15,1,0,3
BRDA:15,1,1,3
BRDA:16,2,0,2
BRDA:16,2,1,1
BRDA:18,3,0,1
BRDA:18,3,1,2
BRDA:18,4,0,3
BRDA:18,4,1,3
BRDA:18,5,0,1
BRDA:18,5,1,2
BRDA:18,6,0,3
BRDA:18,6,1,3
BRDA:24,7,0,1
BRF:15
BRH:15
end_of_record
TN:
SF:src/useCase/UseUsers/index.ts
FN:9,(anonymous_15)
FN:12,(anonymous_16)
FN:17,(anonymous_17)
FN:19,(anonymous_19)
FN:27,(anonymous_20)
FN:33,(anonymous_21)
FN:38,(anonymous_22)
FN:40,(anonymous_24)
FN:53,(anonymous_25)
FN:58,(anonymous_27)
FN:66,(anonymous_29)
FN:67,(anonymous_31)
FN:91,(anonymous_32)
FN:92,(anonymous_34)
FN:97,(anonymous_35)
FNF:15
FNH:0
FNDA:0,(anonymous_15)
FNDA:0,(anonymous_16)
FNDA:0,(anonymous_17)
FNDA:0,(anonymous_19)
FNDA:0,(anonymous_20)
FNDA:0,(anonymous_21)
FNDA:0,(anonymous_22)
FNDA:0,(anonymous_24)
FNDA:0,(anonymous_25)
FNDA:0,(anonymous_27)
FNDA:0,(anonymous_29)
FNDA:0,(anonymous_31)
FNDA:0,(anonymous_32)
FNDA:0,(anonymous_34)
FNDA:0,(anonymous_35)
DA:1,4
DA:3,4
DA:4,4
DA:5,4
DA:10,0
DA:12,0
DA:13,0
DA:14,0
DA:18,0
DA:19,0
DA:21,0
DA:22,0
DA:24,0
DA:26,0
DA:27,0
DA:28,0
DA:29,0
DA:31,0
DA:33,0
DA:34,0
DA:36,0
DA:39,0
DA:40,0
DA:42,0
DA:43,0
DA:45,0
DA:46,0
DA:47,0
DA:48,0
DA:50,0
DA:54,0
DA:55,0
DA:56,0
DA:59,0
DA:60,0
DA:61,0
DA:63,0
DA:67,0
DA:68,0
DA:69,0
DA:71,0
DA:72,0
DA:73,0
DA:74,0
DA:78,0
DA:79,0
DA:81,0
DA:82,0
DA:83,0
DA:86,0
DA:88,0
DA:92,0
DA:93,0
DA:94,0
DA:95,0
DA:97,0
DA:98,0
DA:99,0
DA:100,0
DA:102,0
DA:106,0
DA:110,4
LF:62
LH:5
BRDA:18,0,0,0
BRDA:21,1,0,0
BRDA:26,2,0,0
BRDA:28,3,0,0
BRDA:42,4,0,0
BRDA:60,5,0,0
BRDA:68,6,0,0
BRDA:78,7,0,0
BRDA:82,8,0,0
BRDA:94,9,0,0
BRDA:99,10,0,0
BRDA:99,10,1,0
BRDA:99,11,0,0
BRDA:99,11,1,0
BRF:14
BRH:0
end_of_record
TN:
SF:src/useCase/getTracks/index.ts
FN:5,(anonymous_8)
FN:7,(anonymous_9)
FN:16,(anonymous_11)
FNF:3
FNH:3
FNDA:7,(anonymous_8)
FNDA:7,(anonymous_9)
FNDA:15,(anonymous_11)
DA:1,4
DA:4,4
DA:8,7
DA:9,2
DA:11,5
DA:12,5
DA:16,4
DA:17,15
DA:39,3
DA:41,2
LF:10
LH:10
BRDA:8,0,0,2
BRDA:8,1,0,7
BRDA:8,1,1,5
BRF:3
BRH:3
end_of_record
TN:
SF:src/useCase/search/index.ts
FN:5,(anonymous_8)
FN:7,(anonymous_9)
FN:13,(anonymous_11)
FNF:3
FNH:3
FNDA:5,(anonymous_8)
FNDA:5,(anonymous_9)
FNDA:3,(anonymous_11)
DA:1,5
DA:4,5
DA:8,5
DA:9,5
DA:13,3
DA:14,3
DA:36,3
DA:37,3
DA:40,3
DA:42,3
DA:51,2
LF:11
LH:11
BRDA:37,0,0,1
BRDA:37,0,1,2
BRDA:46,1,0,1
BRDA:46,1,1,2
BRF:4
BRH:4
end_of_record
