TN:
SF:db.ts
FNF:0
FNH:0
DA:3,6
LF:1
LH:1
BRF:0
BRH:0
end_of_record
TN:
SF:src/mock/track.ts
FNF:0
FNH:0
DA:1,5
LF:1
LH:1
BRF:0
BRH:0
end_of_record
TN:
SF:src/routes/auth/index.ts
FN:8,(anonymous_8)
FN:8,(anonymous_9)
FN:39,(anonymous_10)
FN:39,(anonymous_11)
FN:58,(anonymous_12)
FN:58,(anonymous_13)
FNF:6
FNH:6
FNDA:4,(anonymous_8)
FNDA:4,(anonymous_9)
FNDA:2,(anonymous_10)
FNDA:2,(anonymous_11)
FNDA:2,(anonymous_12)
FNDA:2,(anonymous_13)
DA:1,5
DA:3,5
DA:5,5
DA:6,5
DA:8,5
DA:16,4
DA:17,4
DA:19,4
DA:20,1
DA:21,1
DA:24,3
DA:25,3
DA:26,3
DA:28,2
DA:29,1
DA:31,1
DA:35,1
DA:39,5
DA:47,2
DA:48,2
DA:50,2
DA:51,2
DA:52,2
DA:53,1
DA:55,1
DA:58,5
DA:65,2
DA:66,2
DA:67,2
DA:68,2
DA:69,2
DA:70,2
DA:71,1
DA:74,1
DA:75,1
DA:77,0
DA:81,5
LF:37
LH:36
BRDA:19,0,0,1
BRDA:19,1,0,4
BRDA:19,1,1,4
BRDA:28,2,0,1
BRDA:47,3,0,2
BRDA:47,3,1,1
BRDA:47,4,0,1
BRDA:47,4,1,1
BRDA:47,5,0,2
BRDA:47,5,1,2
BRDA:48,6,0,2
BRDA:48,6,1,2
BRDA:48,7,0,2
BRDA:48,7,1,0
BRDA:48,8,0,2
BRDA:48,8,1,2
BRDA:52,9,0,1
BRDA:70,10,0,1
BRF:18
BRH:17
end_of_record
TN:
SF:src/routes/deezer/index.ts
FN:6,(anonymous_8)
FN:6,(anonymous_9)
FNF:2
FNH:2
FNDA:7,(anonymous_8)
FNDA:7,(anonymous_9)
DA:1,5
DA:2,5
DA:4,5
DA:6,7
DA:13,7
DA:14,7
DA:15,7
DA:17,7
DA:18,7
DA:20,4
DA:25,4
DA:27,3
DA:31,5
LF:13
LH:13
BRDA:14,0,0,5
BRDA:14,0,1,2
BRDA:15,1,0,5
BRDA:15,1,1,2
BRDA:22,2,0,3
BRDA:22,2,1,1
BRF:6
BRH:6
end_of_record
TN:
SF:src/routes/search/index.ts
FN:7,(anonymous_8)
FN:7,(anonymous_9)
FNF:2
FNH:2
FNDA:3,(anonymous_8)
FNDA:3,(anonymous_9)
DA:1,5
DA:3,5
DA:5,5
DA:7,5
DA:15,3
DA:16,3
DA:18,3
DA:19,1
DA:21,2
DA:22,2
DA:24,2
DA:25,1
DA:27,1
DA:31,1
DA:35,5
LF:15
LH:15
BRDA:15,0,0,1
BRDA:15,0,1,2
BRDA:15,1,0,3
BRDA:15,1,1,3
BRDA:16,2,0,2
BRDA:16,2,1,1
BRDA:18,3,0,1
BRDA:18,3,1,2
BRDA:18,4,0,3
BRDA:18,4,1,3
BRDA:18,5,0,1
BRDA:18,5,1,2
BRDA:18,6,0,3
BRDA:18,6,1,3
BRDA:24,7,0,1
BRF:15
BRH:15
end_of_record
TN:
SF:src/useCase/UseUsers/index.ts
FN:9,(anonymous_9)
FN:12,(anonymous_10)
FN:17,(anonymous_11)
FN:19,(anonymous_13)
FN:27,(anonymous_14)
FN:33,(anonymous_15)
FN:38,(anonymous_16)
FN:40,(anonymous_18)
FN:53,(anonymous_19)
FN:58,(anonymous_21)
FN:66,(anonymous_23)
FN:67,(anonymous_25)
FN:93,(anonymous_26)
FN:94,(anonymous_28)
FN:99,(anonymous_29)
FNF:15
FNH:15
FNDA:18,(anonymous_9)
FNDA:6,(anonymous_10)
FNDA:7,(anonymous_11)
FNDA:3,(anonymous_13)
FNDA:2,(anonymous_14)
FNDA:2,(anonymous_15)
FNDA:3,(anonymous_16)
FNDA:1,(anonymous_18)
FNDA:2,(anonymous_19)
FNDA:4,(anonymous_21)
FNDA:6,(anonymous_23)
FNDA:6,(anonymous_25)
FNDA:3,(anonymous_26)
FNDA:3,(anonymous_28)
FNDA:3,(anonymous_29)
DA:1,6
DA:3,6
DA:4,6
DA:5,6
DA:10,18
DA:12,18
DA:13,6
DA:14,6
DA:18,7
DA:19,3
DA:21,3
DA:22,2
DA:24,1
DA:26,4
DA:27,2
DA:28,2
DA:29,1
DA:31,1
DA:33,2
DA:34,2
DA:36,2
DA:39,3
DA:40,3
DA:42,3
DA:43,1
DA:45,2
DA:46,2
DA:47,2
DA:48,2
DA:50,0
DA:54,2
DA:55,2
DA:56,2
DA:59,4
DA:60,4
DA:61,1
DA:63,3
DA:67,6
DA:68,6
DA:69,2
DA:71,4
DA:72,4
DA:74,4
DA:75,4
DA:80,4
DA:81,1
DA:83,3
DA:84,3
DA:85,0
DA:88,3
DA:90,0
DA:94,3
DA:95,3
DA:96,3
DA:97,0
DA:99,3
DA:100,3
DA:101,0
DA:103,3
DA:107,3
DA:111,6
LF:61
LH:56
BRDA:18,0,0,3
BRDA:21,1,0,2
BRDA:26,2,0,2
BRDA:28,3,0,1
BRDA:42,4,0,1
BRDA:60,5,0,1
BRDA:68,6,0,2
BRDA:80,7,0,1
BRDA:84,8,0,0
BRDA:96,9,0,0
BRDA:100,10,0,0
BRDA:100,10,1,3
BRDA:100,11,0,3
BRDA:100,11,1,3
BRF:14
BRH:11
end_of_record
TN:
SF:src/useCase/getTracks/index.ts
FN:5,(anonymous_8)
FN:7,(anonymous_9)
FN:16,(anonymous_11)
FNF:3
FNH:3
FNDA:7,(anonymous_8)
FNDA:7,(anonymous_9)
FNDA:15,(anonymous_11)
DA:1,5
DA:4,5
DA:8,7
DA:9,2
DA:11,5
DA:12,5
DA:16,4
DA:17,15
DA:39,3
DA:41,2
LF:10
LH:10
BRDA:8,0,0,2
BRDA:8,1,0,7
BRDA:8,1,1,5
BRF:3
BRH:3
end_of_record
TN:
SF:src/useCase/search/index.ts
FN:5,(anonymous_8)
FN:7,(anonymous_9)
FN:13,(anonymous_11)
FNF:3
FNH:3
FNDA:5,(anonymous_8)
FNDA:5,(anonymous_9)
FNDA:3,(anonymous_11)
DA:1,6
DA:4,6
DA:8,5
DA:9,5
DA:13,3
DA:14,3
DA:36,3
DA:37,3
DA:40,3
DA:42,3
DA:51,2
LF:11
LH:11
BRDA:37,0,0,1
BRDA:37,0,1,2
BRDA:46,1,0,1
BRDA:46,1,1,2
BRF:4
BRH:4
end_of_record
